[Sat, 24. May 2025 12:45:20 EDT | ID 746500912977150002] worksteve7284: op worksteve
[Sat, 24. May 2025 12:57:09 EDT | ID 746500912977150002] worksteve7284: op worksteve
[Sat, 24. May 2025 13:01:16 EDT | ID 789887988574322688] mrvoidiscool: !c rg flag __global__ passthrough allow
[Sat, 24. May 2025 13:01:33 EDT | ID 789887988574322688] mrvoidiscool: !c rg flag -world __global__ passthrough allow
[Sat, 24. May 2025 13:03:40 EDT | ID 789887988574322688] mrvoidiscool: !c force worksteve /rg flag __global__ passthrough allow
[Sat, 24. May 2025 13:05:28 EDT | ID 789887988574322688] mrvoidiscool: !c mute global IHazHands 1m swearing
[Sat, 24. May 2025 13:10:09 EDT | ID 789887988574322688] mrvoidiscool: say what is command execution limit?
[Sat, 24. May 2025 13:16:11 EDT | ID 789887988574322688] mrvoidiscool: Stop
[Sat, 24. May 2025 13:27:14 EDT | ID 789887988574322688] mrvoidiscool: Say error is persistant 💀
[Sat, 24. May 2025 13:29:38 EDT | ID 789887988574322688] mrvoidiscool: !c plugins
[Sat, 24. May 2025 13:32:51 EDT | ID 789887988574322688] mrvoidiscool: !c datapack list
[Sat, 24. May 2025 15:21:40 EDT | ID 746500912977150002] worksteve7284: say running 5.5s behing
[Sat, 24. May 2025 15:22:01 EDT | ID 746500912977150002] worksteve7284: say 9s
[Sat, 24. May 2025 17:14:22 EDT | ID 789887988574322688] mrvoidiscool: Plugins
[Sat, 24. May 2025 17:33:23 EDT | ID 1083160577431572570] richcreator: Gamemode survival voidkiller196
[Sat, 24. May 2025 17:37:12 EDT | ID 746500912977150002] worksteve7284: tps
[Sat, 24. May 2025 17:57:44 EDT | ID 746500912977150002] worksteve7284: plugins
[Sat, 24. May 2025 19:30:20 EDT | ID 789887988574322688] mrvoidiscool: Seed
[Sat, 24. May 2025 19:31:15 EDT | ID 789887988574322688] mrvoidiscool: -350426696752418893
[Sat, 24. May 2025 20:31:56 EDT | ID 789887988574322688] mrvoidiscool: discord bcast wsg fellas
[Sat, 24. May 2025 20:33:55 EDT | ID 789887988574322688] mrvoidiscool: !c lp user Ward3r permission set venturechat.the
[Sat, 24. May 2025 21:05:12 EDT | ID 746500912977150002] worksteve7284: worldborder get
[Sat, 24. May 2025 21:26:18 EDT | ID 1083160577431572570] richcreator: Gamemode survival galacticcreator7
[Sat, 24. May 2025 21:27:20 EDT | ID 789887988574322688] mrvoidiscool: Say what u do
[Sat, 24. May 2025 21:27:56 EDT | ID 789887988574322688] mrvoidiscool: Plugins
[Sat, 24. May 2025 21:28:19 EDT | ID 789887988574322688] mrvoidiscool: Say chats broken what u do to it
[Sat, 24. May 2025 21:28:44 EDT | ID 746500912977150002] worksteve7284: say i turned it off
[Sat, 24. May 2025 21:29:02 EDT | ID 789887988574322688] mrvoidiscool: Say when u were in files u messed ventrechat and it failed to start for some reason
[Sat, 24. May 2025 21:38:27 EDT | ID 746500912977150002] worksteve7284: tps
[Sat, 24. May 2025 21:39:06 EDT | ID 746500912977150002] worksteve7284: tps
[Sat, 24. May 2025 21:39:16 EDT | ID 746500912977150002] worksteve7284: tps
[Sat, 24. May 2025 21:40:07 EDT | ID 746500912977150002] worksteve7284: deop A1klos
[Sat, 24. May 2025 21:41:26 EDT | ID 746500912977150002] worksteve7284: op worksteve
[Sat, 24. May 2025 21:43:20 EDT | ID 789887988574322688] mrvoidiscool: Say its 157 ticks behind
[Sat, 24. May 2025 21:43:35 EDT | ID 789887988574322688] mrvoidiscool: 7852 ms
