[Fri, 23. May 2025 18:17:27 EDT | ID 789887988574322688] mrvoidiscool: whitelist voidkiller196
[Fri, 23. May 2025 18:17:38 EDT | ID 789887988574322688] mrvoidiscool: whitelist add voidkiller196
[Fri, 23. May 2025 18:18:03 EDT | ID 789887988574322688] mrvoidiscool: whitelist clear
[Fri, 23. May 2025 18:18:10 EDT | ID 789887988574322688] mrvoidiscool: whitelist remove voidkiller196
[Fri, 23. May 2025 18:18:16 EDT | ID 789887988574322688] mrvoidiscool: whitelist add voidkiller196
[Fri, 23. May 2025 18:18:25 EDT | ID 789887988574322688] mrvoidiscool: dude
[Fri, 23. May 2025 18:18:28 EDT | ID 789887988574322688] mrvoidiscool: whitelist off
[Fri, 23. May 2025 18:19:27 EDT | ID 789887988574322688] mrvoidiscool: op voidkiller196
[Fri, 23. May 2025 20:14:55 EDT | ID 1083160577431572570] richcreator: give galacticcreator7 diamond 1
[Fri, 23. May 2025 20:15:53 EDT | ID 1083160577431572570] richcreator: op galacticcreator7
[Fri, 23. May 2025 20:16:31 EDT | ID 1083160577431572570] richcreator: op galacticcreator7
[Fri, 23. May 2025 20:17:15 EDT | ID 789887988574322688] mrvoidiscool: Plugins
[Fri, 23. May 2025 20:18:46 EDT | ID 1083160577431572570] richcreator: op galacticcreator7
[Fri, 23. May 2025 20:21:46 EDT | ID 1083160577431572570] richcreator: op galacticcreator7
[Fri, 23. May 2025 20:30:33 EDT | ID 789887988574322688] mrvoidiscool: !c lp user GalacticCreator7 permission set discordsrv.silentjoin false
[Fri, 23. May 2025 20:30:52 EDT | ID 789887988574322688] mrvoidiscool: !c lp user GalacticCreator7 permission set discordsrv.silentquit false
[Fri, 23. May 2025 20:33:25 EDT | ID 789887988574322688] mrvoidiscool: !c lp group default permission set discordsrv.silentjoin false
[Fri, 23. May 2025 20:33:41 EDT | ID 789887988574322688] mrvoidiscool: !c lp group default permission set discordsrv.silentquit false
[Fri, 23. May 2025 20:33:54 EDT | ID 789887988574322688] mrvoidiscool: !c lp group developer permission set discordsrv.silentjoin false
[Fri, 23. May 2025 20:34:08 EDT | ID 789887988574322688] mrvoidiscool: !c lp group developer permission set discordsrv.silentquit false
[Fri, 23. May 2025 20:44:28 EDT | ID 789887988574322688] mrvoidiscool: !c lp user Algoritm0_ parent add moderator
[Fri, 23. May 2025 20:45:36 EDT | ID 789887988574322688] mrvoidiscool: lp user Algorithm0_ parent add moderator
[Fri, 23. May 2025 20:46:26 EDT | ID 789887988574322688] mrvoidiscool: plugins
[Fri, 23. May 2025 21:00:50 EDT | ID 1083160577431572570] richcreator: op galacticcreator7
[Fri, 23. May 2025 21:02:27 EDT | ID 1083160577431572570] richcreator: op galacticcreator7
[Fri, 23. May 2025 21:03:10 EDT | ID 789887988574322688] mrvoidiscool: lp user CT_Assailant parent add developer
[Fri, 23. May 2025 21:05:34 EDT | ID 789887988574322688] mrvoidiscool: !c lp user CT_Assailant permission set prefix.1.&4[Owner]
[Fri, 23. May 2025 21:07:57 EDT | ID 789887988574322688] mrvoidiscool: !c lp user Galacticcreator7 permission set minecraft.command.op true
[Fri, 23. May 2025 21:15:48 EDT | ID 789887988574322688] mrvoidiscool: !c op CT_Assailant
[Fri, 23. May 2025 21:17:01 EDT | ID 789887988574322688] mrvoidiscool: !c lp user ct_assailant permission set minecraft.command.op
[Fri, 23. May 2025 21:19:28 EDT | ID 1068924212435230783] ct_assailant: !c gamemode CT_Assailant survival
[Fri, 23. May 2025 21:19:48 EDT | ID 1068924212435230783] ct_assailant: !c gamemode survival CT_Assailant
[Fri, 23. May 2025 21:21:18 EDT | ID 1068924212435230783] ct_assailant: !c gamemode creative CT_Assailant
[Fri, 23. May 2025 21:32:20 EDT | ID 789887988574322688] mrvoidiscool: !c kill galacticcreator7
[Fri, 23. May 2025 21:48:19 EDT | ID 789887988574322688] mrvoidiscool: !c difficulty peaceful
[Fri, 23. May 2025 21:48:44 EDT | ID 789887988574322688] mrvoidiscool: !c tree
[Fri, 23. May 2025 21:48:56 EDT | ID 789887988574322688] mrvoidiscool: !c lp tree
[Fri, 23. May 2025 21:50:16 EDT | ID 789887988574322688] mrvoidiscool: lp group default permission set voicechat.speak
[Fri, 23. May 2025 21:51:11 EDT | ID 789887988574322688] mrvoidiscool: lp group default permission set voicechat.connect
[Fri, 23. May 2025 21:56:58 EDT | ID 789887988574322688] mrvoidiscool: lp group default permission set voicechat.group
[Fri, 23. May 2025 21:58:18 EDT | ID 789887988574322688] mrvoidiscool: lp group default permission set voicechat.listen
